[{"stream_name":"stdout","time":7.749042609,"data":"CV: text-only ...\n"}
,{"stream_name":"stdout","time":29.591978533,"data":"CV: vitals-only ...\n"}
,{"stream_name":"stdout","time":42.979355455,"data":"CV: fusion ...\n"}
,{"stream_name":"stdout","time":75.250397818,"data":"DONE. Key numbers:\n"}
,{"stream_name":"stdout","time":75.250893304,"data":"{\n"}
,{"stream_name":"stdout","time":75.250918192,"data":"  \"baselines\": {\n"}
,{"stream_name":"stdout","time":75.250926089,"data":"    \"text_only\": {\n"}
,{"stream_name":"stdout","time":75.250931867,"data":"      \"acc\": 0.9994,\n"}
,{"stream_name":"stdout","time":75.250942102,"data":"      \"acc_std\": 0.0002,\n"}
,{"stream_name":"stdout","time":75.250952277,"data":"      \"macro_f1\": 0.998,\n"}
,{"stream_name":"stdout","time":75.250956559,"data":"      \"undertriage_pct\": 0.306\n"}
,{"stream_name":"stdout","time":75.25096032,"data":"    },\n"}
,{"stream_name":"stdout","time":75.250963958,"data":"    \"vitals_only\": {\n"}
,{"stream_name":"stdout","time":75.250967592,"data":"      \"acc\": 0.8033,\n"}
,{"stream_name":"stdout","time":75.250971133,"data":"      \"acc_std\": 0.0032,\n"}
,{"stream_name":"stdout","time":75.250974742,"data":"      \"macro_f1\": 0.8239,\n"}
,{"stream_name":"stdout","time":75.250978362,"data":"      \"undertriage_pct\": 4.598\n"}
,{"stream_name":"stdout","time":75.250981889,"data":"    },\n"}
,{"stream_name":"stdout","time":75.250985622,"data":"    \"fusion\": {\n"}
,{"stream_name":"stdout","time":75.251015487,"data":"      \"acc\": 0.9984,\n"}
,{"stream_name":"stdout","time":75.251021007,"data":"      \"acc_std\": 0.0004,\n"}
,{"stream_name":"stdout","time":75.251026578,"data":"      \"macro_f1\": 0.9965,\n"}
,{"stream_name":"stdout","time":75.251032453,"data":"      \"undertriage_pct\": 0.642\n"}
,{"stream_name":"stdout","time":75.251038641,"data":"    }\n"}
,{"stream_name":"stdout","time":75.251044417,"data":"  },\n"}
,{"stream_name":"stdout","time":75.25105002,"data":"  \"news2_only_acc\": 0.6528,\n"}
,{"stream_name":"stdout","time":75.251056973,"data":"  \"complaint_analysis\": {\n"}
,{"stream_name":"stdout","time":75.251063051,"data":"    \"n_unique_train\": 4949,\n"}
,{"stream_name":"stdout","time":75.251069665,"data":"    \"pct_complaints_single_acuity\": 99.7,\n"}
,{"stream_name":"stdout","time":75.251075235,"data":"    \"pct_train_rows_deterministic_complaint\": 99.7,\n"}
,{"stream_name":"stdout","time":75.251094225,"data":"    \"test_complaints_seen_in_train_pct\": 99.8\n"}
,{"stream_name":"stdout","time":75.251099522,"data":"  },\n"}
,{"stream_name":"stdout","time":75.251104429,"data":"  \"variability\": {\n"}
,{"stream_name":"stdout","time":75.251109293,"data":"    \"site_id\": {\n"}
,{"stream_name":"stdout","time":75.251114509,"data":"      \"n\": 5,\n"}
,{"stream_name":"stdout","time":75.251119499,"data":"      \"mean_min\": 3.312,\n"}
,{"stream_name":"stdout","time":75.25112479,"data":"      \"mean_max\": 3.332,\n"}
,{"stream_name":"stdout","time":75.251130186,"data":"      \"mean_std\": 0.0075\n"}
,{"stream_name":"stdout","time":75.251135345,"data":"    },\n"}
,{"stream_name":"stdout","time":75.251140149,"data":"    \"triage_nurse_id\": {\n"}
,{"stream_name":"stdout","time":75.25114515,"data":"      \"n\": 50,\n"}
,{"stream_name":"stdout","time":75.251150435,"data":"      \"mean_min\": 3.27,\n"}
,{"stream_name":"stdout","time":75.251160417,"data":"      \"mean_max\": 3.359,\n"}
,{"stream_name":"stdout","time":75.251166016,"data":"      \"mean_std\": 0.0204\n"}
,{"stream_name":"stdout","time":75.251183144,"data":"    }\n"}
,{"stream_name":"stdout","time":75.251187778,"data":"  },\n"}
,{"stream_name":"stdout","time":75.251191676,"data":"  \"occult\": {\n"}
,{"stream_name":"stdout","time":75.251195875,"data":"    \"n\": 35,\n"}
,{"stream_name":"stdout","time":75.251199879,"data":"    \"pct_of_urgent\": 0.21,\n"}
,{"stream_name":"stdout","time":75.251204085,"data":"    \"examples\": [\n"}
,{"stream_name":"stdout","time":75.251208352,"data":"      \"haemoptysis significant, intermittent\",\n"}
,{"stream_name":"stdout","time":75.251212507,"data":"      \"acute NSTEMI with fever\",\n"}
,{"stream_name":"stdout","time":75.251216899,"data":"      \"retinal detachment, for 2 days\",\n"}
,{"stream_name":"stdout","time":75.251220913,"data":"      \"chest pain with diaphoresis and arm radiation, constant\",\n"}
,{"stream_name":"stdout","time":75.251224733,"data":"      \"acute severe psychosis with vomiting\",\n"}
,{"stream_name":"stdout","time":75.251228776,"data":"      \"shoulder dislocation with vascular compromise, constant\",\n"}
,{"stream_name":"stdout","time":75.251250839,"data":"      \"high-speed MVA multiple injuries, since yesterday\",\n"}
,{"stream_name":"stdout","time":75.251259989,"data":"      \"ischaemic colitis suspected with diaphoresis\",\n"}
,{"stream_name":"stdout","time":75.251265083,"data":"      \"acute pancreatitis with organ dysfunction\\uff0cworsening over hours\",\n"}
,{"stream_name":"stdout","time":75.251269523,"data":"      \"ovarian torsion with rigors\",\n"}
,{"stream_name":"stdout","time":75.251273642,"data":"      \"significant epistaxis requiring intervention, no prior history of this\",\n"}
,{"stream_name":"stdout","time":75.25127776,"data":"      \"sepsis with altered mental status, constant\",\n"}
,{"stream_name":"stdout","time":75.251281641,"data":"      \"significant head injury with LOC\\uff0cworsening over hours\",\n"}
,{"stream_name":"stdout","time":75.251285874,"data":"      \"near-drowning with fever\",\n"}
,{"stream_name":"stdout","time":75.251290023,"data":"      \"traumatic eye injury significant, constant\"\n"}
,{"stream_name":"stdout","time":75.251294175,"data":"    ]\n"}
,{"stream_name":"stdout","time":75.251298382,"data":"  }\n"}
,{"stream_name":"stdout","time":75.251302735,"data":"}\n"}
,{"stream_name":"stderr","time":78.767968399,"data":"/usr/local/lib/python3.12/dist-packages/mistune.py:435: SyntaxWarning: invalid escape sequence '\\|'\n"}
,{"stream_name":"stderr","time":78.76803975,"data":"  cells[i][c] = re.sub('\\\\\\\\\\|', '|', cell)\n"}
,{"stream_name":"stderr","time":79.12010392,"data":"/usr/local/lib/python3.12/dist-packages/nbconvert/filters/filter_links.py:36: SyntaxWarning: invalid escape sequence '\\_'\n"}
,{"stream_name":"stderr","time":79.120137431,"data":"  text = re.sub(r'_', '\\_', text) # Escape underscores in display text\n"}
,{"stream_name":"stderr","time":80.207393786,"data":"[NbConvertApp] Converting notebook __script__.ipynb to html\n"}
,{"stream_name":"stderr","time":81.939595292,"data":"[NbConvertApp] Writing 325741 bytes to __results__.html\n"}
]