[{"stream_name":"stdout","time":6.761112678,"data":"fitting calibrated fusion (holdout)...\n"}
,{"stream_name":"stdout","time":51.666127823,"data":"holdout: {'accuracy': 0.9924, 'macro_f1': 0.9804, 'undertriage_pct': 2.821, 'overtriage_pct': 0.349, 'ece': 0.1057}\n"}
,{"stream_name":"stdout","time":52.226476568,"data":"missingness stress...\n"}
,{"stream_name":"stdout","time":95.348752016,"data":"stress: {'vitals_only': {'baseline_undertriage': 3.631, 'stressed_undertriage': 3.872, 'delta': 0.24}, 'fusion': {'baseline_undertriage': 0.84, 'stressed_undertriage': 77.971, 'delta': 77.131}}\n"}
,{"stream_name":"stdout","time":95.824032503,"data":"fitting compact demo model on ALL data (fixed schema)...\n"}
,{"stream_name":"stdout","time":126.130928342,"data":"DONE {\n"}
,{"stream_name":"stdout","time":126.131006952,"data":"  \"holdout\": {\n"}
,{"stream_name":"stdout","time":126.131015512,"data":"    \"accuracy\": 0.9924,\n"}
,{"stream_name":"stdout","time":126.131020732,"data":"    \"macro_f1\": 0.9804,\n"}
,{"stream_name":"stdout","time":126.131025622,"data":"    \"undertriage_pct\": 2.821,\n"}
,{"stream_name":"stdout","time":126.131030672,"data":"    \"overtriage_pct\": 0.349,\n"}
,{"stream_name":"stdout","time":126.131035142,"data":"    \"ece\": 0.1057\n"}
,{"stream_name":"stdout","time":126.131039592,"data":"  },\n"}
,{"stream_name":"stdout","time":126.131043912,"data":"  \"missingness_stress\": {\n"}
,{"stream_name":"stdout","time":126.131048162,"data":"    \"vitals_only\": {\n"}
,{"stream_name":"stdout","time":126.131052652,"data":"      \"baseline_undertriage\": 3.631,\n"}
,{"stream_name":"stdout","time":126.131057272,"data":"      \"stressed_undertriage\": 3.872,\n"}
,{"stream_name":"stdout","time":126.131061782,"data":"      \"delta\": 0.24\n"}
,{"stream_name":"stdout","time":126.131066272,"data":"    },\n"}
,{"stream_name":"stdout","time":126.131070592,"data":"    \"fusion\": {\n"}
,{"stream_name":"stdout","time":126.131074932,"data":"      \"baseline_undertriage\": 0.84,\n"}
,{"stream_name":"stdout","time":126.131079432,"data":"      \"stressed_undertriage\": 77.971,\n"}
,{"stream_name":"stdout","time":126.131083752,"data":"      \"delta\": 77.131\n"}
,{"stream_name":"stdout","time":126.13108819199999,"data":"    }\n"}
,{"stream_name":"stdout","time":126.131093232,"data":"  }\n"}
,{"stream_name":"stdout","time":126.131097992,"data":"}\n"}
,{"stream_name":"stderr","time":128.916755854,"data":"/usr/local/lib/python3.12/dist-packages/mistune.py:435: SyntaxWarning: invalid escape sequence '\\|'\n"}
,{"stream_name":"stderr","time":128.916834384,"data":"  cells[i][c] = re.sub('\\\\\\\\\\|', '|', cell)\n"}
,{"stream_name":"stderr","time":129.220993427,"data":"/usr/local/lib/python3.12/dist-packages/nbconvert/filters/filter_links.py:36: SyntaxWarning: invalid escape sequence '\\_'\n"}
,{"stream_name":"stderr","time":129.221065108,"data":"  text = re.sub(r'_', '\\_', text) # Escape underscores in display text\n"}
,{"stream_name":"stderr","time":130.945006339,"data":"[NbConvertApp] Converting notebook __script__.ipynb to html\n"}
,{"stream_name":"stderr","time":132.38738645,"data":"[NbConvertApp] Writing 320066 bytes to __results__.html\n"}
]